12/19 01:53:39.571  Loading add-on SavedInstances
12/19 01:53:39.571  ** Loading table of contents Interface\AddOns\SavedInstances\SavedInstances.toc
12/19 01:53:39.571  Error loading Interface\AddOns\SavedInstances\Quests.lua
12/19 01:53:39.571  (null)
12/19 20:57:02.919  Loading add-on Blizzard_GuildControlUI
12/19 20:57:02.919  ** Loading table of contents Interface\AddOns\Blizzard_GuildControlUI\Blizzard_GuildControlUI.toc
12/19 20:57:02.919  (null)
12/19 21:04:47.260  Loading add-on Blizzard_GuildControlUI
12/19 21:04:47.260  ** Loading table of contents Interface\AddOns\Blizzard_GuildControlUI\Blizzard_GuildControlUI.toc
12/19 21:04:47.260  (null)
12/19 21:09:31.826  Loading add-on Blizzard_GuildControlUI
12/19 21:09:31.826  ** Loading table of contents Interface\AddOns\Blizzard_GuildControlUI\Blizzard_GuildControlUI.toc
12/19 21:09:31.826  (null)
12/19 22:51:48.182  Loading add-on Blizzard_GuildControlUI
12/19 22:51:48.182  ** Loading table of contents Interface\AddOns\Blizzard_GuildControlUI\Blizzard_GuildControlUI.toc
12/19 22:51:48.182  (null)
12/20 20:00:56.720  Loading add-on Blizzard_GuildControlUI
12/20 20:00:56.720  ** Loading table of contents Interface\AddOns\Blizzard_GuildControlUI\Blizzard_GuildControlUI.toc
12/20 20:00:56.720  (null)
12/20 22:28:39.434  Loading add-on Blizzard_GuildControlUI
12/20 22:28:39.434  ** Loading table of contents Interface\AddOns\Blizzard_GuildControlUI\Blizzard_GuildControlUI.toc
12/20 22:28:39.434  (null)
12/20 23:46:49.892  Loading add-on Blizzard_GuildControlUI
12/20 23:46:49.892  ** Loading table of contents Interface\AddOns\Blizzard_GuildControlUI\Blizzard_GuildControlUI.toc
12/20 23:46:49.892  (null)
12/21 20:55:16.559  Loading add-on Blizzard_GuildControlUI
12/21 20:55:16.559  ** Loading table of contents Interface\AddOns\Blizzard_GuildControlUI\Blizzard_GuildControlUI.toc
12/21 20:55:16.559  (null)
12/21 20:56:52.894  Loading add-on Blizzard_GuildControlUI
12/21 20:56:52.894  ** Loading table of contents Interface\AddOns\Blizzard_GuildControlUI\Blizzard_GuildControlUI.toc
12/21 20:56:52.894  (null)
12/22 15:34:10.558  Loading add-on Blizzard_GuildControlUI
12/22 15:34:10.558  ** Loading table of contents Interface\AddOns\Blizzard_GuildControlUI\Blizzard_GuildControlUI.toc
12/22 15:34:10.558  (null)
12/22 16:29:45.680  Loading add-on Blizzard_GuildControlUI
12/22 16:29:45.680  ** Loading table of contents Interface\AddOns\Blizzard_GuildControlUI\Blizzard_GuildControlUI.toc
12/22 16:29:45.680  (null)
12/23 13:17:22.984  Loading add-on Blizzard_GuildControlUI
12/23 13:17:22.984  ** Loading table of contents Interface\AddOns\Blizzard_GuildControlUI\Blizzard_GuildControlUI.toc
12/23 13:17:22.984  (null)
12/23 13:27:06.291  Loading add-on Blizzard_GuildControlUI
12/23 13:27:06.291  ** Loading table of contents Interface\AddOns\Blizzard_GuildControlUI\Blizzard_GuildControlUI.toc
12/23 13:27:06.291  (null)
12/24 20:03:32.368  Loading add-on Blizzard_GuildControlUI
12/24 20:03:32.368  ** Loading table of contents Interface\AddOns\Blizzard_GuildControlUI\Blizzard_GuildControlUI.toc
12/24 20:03:32.368  (null)
12/24 20:41:31.990  Loading add-on Blizzard_GuildControlUI
12/24 20:41:31.990  ** Loading table of contents Interface\AddOns\Blizzard_GuildControlUI\Blizzard_GuildControlUI.toc
12/24 20:41:31.990  (null)
12/24 22:30:42.792  Loading add-on Blizzard_GuildControlUI
12/24 22:30:42.792  ** Loading table of contents Interface\AddOns\Blizzard_GuildControlUI\Blizzard_GuildControlUI.toc
12/24 22:30:42.792  (null)
12/26 19:56:46.710  Loading add-on Blizzard_GuildControlUI
12/26 19:56:46.710  ** Loading table of contents Interface\AddOns\Blizzard_GuildControlUI\Blizzard_GuildControlUI.toc
12/26 19:56:46.710  (null)
12/26 20:58:53.899  Loading add-on Blizzard_GuildControlUI
12/26 20:58:53.899  ** Loading table of contents Interface\AddOns\Blizzard_GuildControlUI\Blizzard_GuildControlUI.toc
12/26 20:58:53.899  (null)
12/27 19:52:07.178  Loading add-on Blizzard_GuildControlUI
12/27 19:52:07.178  ** Loading table of contents Interface\AddOns\Blizzard_GuildControlUI\Blizzard_GuildControlUI.toc
12/27 19:52:07.178  (null)
12/28 19:54:09.564  Loading add-on Blizzard_GuildControlUI
12/28 19:54:09.564  ** Loading table of contents Interface\AddOns\Blizzard_GuildControlUI\Blizzard_GuildControlUI.toc
12/28 19:54:09.564  (null)
12/28 20:33:18.244  Loading add-on Blizzard_GuildControlUI
12/28 20:33:18.244  ** Loading table of contents Interface\AddOns\Blizzard_GuildControlUI\Blizzard_GuildControlUI.toc
12/28 20:33:18.244  (null)
1/2 19:50:52.511  Loading add-on Blizzard_GuildControlUI
1/2 19:50:52.511  ** Loading table of contents Interface\AddOns\Blizzard_GuildControlUI\Blizzard_GuildControlUI.toc
1/2 19:50:52.511  (null)
1/2 20:13:45.655  Loading add-on Blizzard_GuildControlUI
1/2 20:13:45.655  ** Loading table of contents Interface\AddOns\Blizzard_GuildControlUI\Blizzard_GuildControlUI.toc
1/2 20:13:45.655  (null)
1/2 20:49:57.035  Loading add-on Blizzard_GuildControlUI
1/2 20:49:57.035  ** Loading table of contents Interface\AddOns\Blizzard_GuildControlUI\Blizzard_GuildControlUI.toc
1/2 20:49:57.035  (null)
1/3 20:03:56.338  Loading add-on Blizzard_GuildControlUI
1/3 20:03:56.338  ** Loading table of contents Interface\AddOns\Blizzard_GuildControlUI\Blizzard_GuildControlUI.toc
1/3 20:03:56.338  (null)
1/3 20:48:50.943  Loading add-on Blizzard_GuildControlUI
1/3 20:48:50.943  ** Loading table of contents Interface\AddOns\Blizzard_GuildControlUI\Blizzard_GuildControlUI.toc
1/3 20:48:50.943  (null)
1/3 23:00:44.944  Loading add-on Blizzard_GuildControlUI
1/3 23:00:44.944  ** Loading table of contents Interface\AddOns\Blizzard_GuildControlUI\Blizzard_GuildControlUI.toc
1/3 23:00:44.944  (null)
1/6 21:12:22.385  Loading add-on Blizzard_GuildControlUI
1/6 21:12:22.385  ** Loading table of contents Interface\AddOns\Blizzard_GuildControlUI\Blizzard_GuildControlUI.toc
1/6 21:12:22.385  (null)
1/7 19:43:33.314  Loading add-on Blizzard_GuildControlUI
1/7 19:43:33.314  ** Loading table of contents Interface\AddOns\Blizzard_GuildControlUI\Blizzard_GuildControlUI.toc
1/7 19:43:33.314  (null)
1/7 21:27:17.389  Loading add-on Blizzard_GuildControlUI
1/7 21:27:17.389  ** Loading table of contents Interface\AddOns\Blizzard_GuildControlUI\Blizzard_GuildControlUI.toc
1/7 21:27:17.389  (null)
1/7 22:13:49.691  Loading add-on Blizzard_GuildControlUI
1/7 22:13:49.691  ** Loading table of contents Interface\AddOns\Blizzard_GuildControlUI\Blizzard_GuildControlUI.toc
1/7 22:13:49.691  (null)
1/8 17:00:20.567  Loading add-on Blizzard_GuildControlUI
1/8 17:00:20.567  ** Loading table of contents Interface\AddOns\Blizzard_GuildControlUI\Blizzard_GuildControlUI.toc
1/8 17:00:20.567  (null)
1/8 17:25:56.697  Loading add-on Blizzard_GuildControlUI
1/8 17:25:56.697  ** Loading table of contents Interface\AddOns\Blizzard_GuildControlUI\Blizzard_GuildControlUI.toc
1/8 17:25:56.697  (null)
1/8 19:55:32.050  Loading add-on Blizzard_GuildControlUI
1/8 19:55:32.050  ** Loading table of contents Interface\AddOns\Blizzard_GuildControlUI\Blizzard_GuildControlUI.toc
1/8 19:55:32.050  (null)
1/8 20:37:25.155  Loading add-on Blizzard_GuildControlUI
1/8 20:37:25.155  ** Loading table of contents Interface\AddOns\Blizzard_GuildControlUI\Blizzard_GuildControlUI.toc
1/8 20:37:25.155  (null)
1/8 22:31:24.833  Loading add-on Blizzard_GuildControlUI
1/8 22:31:24.833  ** Loading table of contents Interface\AddOns\Blizzard_GuildControlUI\Blizzard_GuildControlUI.toc
1/8 22:31:24.833  (null)
1/9 22:07:03.569  Loading add-on Blizzard_GuildControlUI
1/9 22:07:03.569  ** Loading table of contents Interface\AddOns\Blizzard_GuildControlUI\Blizzard_GuildControlUI.toc
1/9 22:07:03.569  (null)
1/9 22:16:49.368  Loading add-on Blizzard_GuildControlUI
1/9 22:16:49.368  ** Loading table of contents Interface\AddOns\Blizzard_GuildControlUI\Blizzard_GuildControlUI.toc
1/9 22:16:49.368  (null)
1/9 23:52:55.226  Loading add-on Blizzard_GuildControlUI
1/9 23:52:55.226  ** Loading table of contents Interface\AddOns\Blizzard_GuildControlUI\Blizzard_GuildControlUI.toc
1/9 23:52:55.226  (null)
1/10 19:21:49.374  Loading add-on Blizzard_GuildControlUI
1/10 19:21:49.374  ** Loading table of contents Interface\AddOns\Blizzard_GuildControlUI\Blizzard_GuildControlUI.toc
1/10 19:21:49.374  (null)
1/10 22:49:05.456  Loading add-on Blizzard_GuildControlUI
1/10 22:49:05.456  ** Loading table of contents Interface\AddOns\Blizzard_GuildControlUI\Blizzard_GuildControlUI.toc
1/10 22:49:05.456  (null)
1/10 22:52:23.612  Loading add-on Blizzard_GuildControlUI
1/10 22:52:23.612  ** Loading table of contents Interface\AddOns\Blizzard_GuildControlUI\Blizzard_GuildControlUI.toc
1/10 22:52:23.612  (null)
1/11 00:55:59.086  Loading add-on Blizzard_GuildControlUI
1/11 00:55:59.086  ** Loading table of contents Interface\AddOns\Blizzard_GuildControlUI\Blizzard_GuildControlUI.toc
1/11 00:55:59.086  (null)
1/11 01:00:16.446  Loading add-on Blizzard_GuildControlUI
1/11 01:00:16.446  ** Loading table of contents Interface\AddOns\Blizzard_GuildControlUI\Blizzard_GuildControlUI.toc
1/11 01:00:16.446  (null)
1/11 20:08:45.072  Loading add-on Blizzard_GuildControlUI
1/11 20:08:45.072  ** Loading table of contents Interface\AddOns\Blizzard_GuildControlUI\Blizzard_GuildControlUI.toc
1/11 20:08:45.072  (null)
1/11 20:20:22.091  Loading add-on Blizzard_GuildControlUI
1/11 20:20:22.091  ** Loading table of contents Interface\AddOns\Blizzard_GuildControlUI\Blizzard_GuildControlUI.toc
1/11 20:20:22.091  (null)
1/11 20:35:38.095  Loading add-on Blizzard_GuildControlUI
1/11 20:35:38.095  ** Loading table of contents Interface\AddOns\Blizzard_GuildControlUI\Blizzard_GuildControlUI.toc
1/11 20:35:38.095  (null)
1/13 12:48:03.159  Loading add-on Blizzard_GuildControlUI
1/13 12:48:03.159  ** Loading table of contents Interface\AddOns\Blizzard_GuildControlUI\Blizzard_GuildControlUI.toc
1/13 12:48:03.159  (null)
1/13 15:58:11.484  Loading add-on Blizzard_GuildControlUI
1/13 15:58:11.484  ** Loading table of contents Interface\AddOns\Blizzard_GuildControlUI\Blizzard_GuildControlUI.toc
1/13 15:58:11.484  (null)
1/17 10:22:02.296  Loading add-on Blizzard_GuildControlUI
1/17 10:22:02.296  ** Loading table of contents Interface\AddOns\Blizzard_GuildControlUI\Blizzard_GuildControlUI.toc
1/17 10:22:02.296  (null)
1/17 19:08:38.426  Loading add-on Blizzard_GuildControlUI
1/17 19:08:38.426  ** Loading table of contents Interface\AddOns\Blizzard_GuildControlUI\Blizzard_GuildControlUI.toc
1/17 19:08:38.426  (null)
1/17 19:52:41.127  Loading add-on Blizzard_GuildControlUI
1/17 19:52:41.127  ** Loading table of contents Interface\AddOns\Blizzard_GuildControlUI\Blizzard_GuildControlUI.toc
1/17 19:52:41.127  (null)
1/17 20:11:18.545  Loading add-on Blizzard_GuildControlUI
1/17 20:11:18.545  ** Loading table of contents Interface\AddOns\Blizzard_GuildControlUI\Blizzard_GuildControlUI.toc
1/17 20:11:18.545  (null)
1/17 21:25:19.947  Loading add-on Blizzard_GuildControlUI
1/17 21:25:19.947  ** Loading table of contents Interface\AddOns\Blizzard_GuildControlUI\Blizzard_GuildControlUI.toc
1/17 21:25:19.947  (null)
1/17 21:28:20.841  Loading add-on Blizzard_GuildControlUI
1/17 21:28:20.841  ** Loading table of contents Interface\AddOns\Blizzard_GuildControlUI\Blizzard_GuildControlUI.toc
1/17 21:28:20.841  (null)
1/17 22:20:42.878  Loading add-on Blizzard_GuildControlUI
1/17 22:20:42.878  ** Loading table of contents Interface\AddOns\Blizzard_GuildControlUI\Blizzard_GuildControlUI.toc
1/17 22:20:42.878  (null)
1/17 23:09:05.121  Loading add-on Blizzard_GuildControlUI
1/17 23:09:05.121  ** Loading table of contents Interface\AddOns\Blizzard_GuildControlUI\Blizzard_GuildControlUI.toc
1/17 23:09:05.121  (null)
1/22 20:22:12.584  Loading add-on Blizzard_GuildControlUI
1/22 20:22:12.584  ** Loading table of contents Interface\AddOns\Blizzard_GuildControlUI\Blizzard_GuildControlUI.toc
1/22 20:22:12.584  (null)
1/22 20:28:24.475  Loading add-on Blizzard_GuildControlUI
1/22 20:28:24.475  ** Loading table of contents Interface\AddOns\Blizzard_GuildControlUI\Blizzard_GuildControlUI.toc
1/22 20:28:24.475  (null)
1/24 19:34:44.636  Loading add-on Blizzard_GuildControlUI
1/24 19:34:44.636  ** Loading table of contents Interface\AddOns\Blizzard_GuildControlUI\Blizzard_GuildControlUI.toc
1/24 19:34:44.636  (null)
1/26 10:43:28.599  Loading add-on Blizzard_GuildControlUI
1/26 10:43:28.599  ** Loading table of contents Interface\AddOns\Blizzard_GuildControlUI\Blizzard_GuildControlUI.toc
1/26 10:43:28.599  (null)
1/26 11:34:17.147  Loading add-on Blizzard_GuildControlUI
1/26 11:34:17.147  ** Loading table of contents Interface\AddOns\Blizzard_GuildControlUI\Blizzard_GuildControlUI.toc
1/26 11:34:17.147  (null)
1/26 12:19:03.434  Loading add-on Blizzard_GuildControlUI
1/26 12:19:03.434  ** Loading table of contents Interface\AddOns\Blizzard_GuildControlUI\Blizzard_GuildControlUI.toc
1/26 12:19:03.434  (null)
1/26 12:43:01.352  Loading add-on Blizzard_GuildControlUI
1/26 12:43:01.352  ** Loading table of contents Interface\AddOns\Blizzard_GuildControlUI\Blizzard_GuildControlUI.toc
1/26 12:43:01.352  (null)
1/26 13:34:46.919  Loading add-on Blizzard_GuildControlUI
1/26 13:34:46.919  ** Loading table of contents Interface\AddOns\Blizzard_GuildControlUI\Blizzard_GuildControlUI.toc
1/26 13:34:46.919  (null)
1/26 19:50:04.773  Loading add-on Blizzard_GuildControlUI
1/26 19:50:04.773  ** Loading table of contents Interface\AddOns\Blizzard_GuildControlUI\Blizzard_GuildControlUI.toc
1/26 19:50:04.773  (null)
1/27 19:58:40.527  Loading add-on Blizzard_GuildControlUI
1/27 19:58:40.527  ** Loading table of contents Interface\AddOns\Blizzard_GuildControlUI\Blizzard_GuildControlUI.toc
1/27 19:58:40.527  (null)
1/27 23:23:12.640  Loading add-on Blizzard_GuildControlUI
1/27 23:23:12.640  ** Loading table of contents Interface\AddOns\Blizzard_GuildControlUI\Blizzard_GuildControlUI.toc
1/27 23:23:12.640  (null)
1/28 19:37:58.919  Loading add-on Blizzard_GuildControlUI
1/28 19:37:58.919  ** Loading table of contents Interface\AddOns\Blizzard_GuildControlUI\Blizzard_GuildControlUI.toc
1/28 19:37:58.919  (null)
1/29 19:53:14.088  Loading add-on Blizzard_GuildControlUI
1/29 19:53:14.088  ** Loading table of contents Interface\AddOns\Blizzard_GuildControlUI\Blizzard_GuildControlUI.toc
1/29 19:53:14.088  (null)
1/30 10:09:24.591  Loading add-on Blizzard_GuildControlUI
1/30 10:09:24.591  ** Loading table of contents Interface\AddOns\Blizzard_GuildControlUI\Blizzard_GuildControlUI.toc
1/30 10:09:24.591  (null)
1/30 13:10:08.004  Loading add-on Blizzard_GuildControlUI
1/30 13:10:08.004  ** Loading table of contents Interface\AddOns\Blizzard_GuildControlUI\Blizzard_GuildControlUI.toc
1/30 13:10:08.004  (null)
1/30 19:50:24.182  Loading add-on Blizzard_GuildControlUI
1/30 19:50:24.182  ** Loading table of contents Interface\AddOns\Blizzard_GuildControlUI\Blizzard_GuildControlUI.toc
1/30 19:50:24.182  (null)
1/30 19:51:42.685  Loading add-on Blizzard_GuildControlUI
1/30 19:51:42.685  ** Loading table of contents Interface\AddOns\Blizzard_GuildControlUI\Blizzard_GuildControlUI.toc
1/30 19:51:42.685  (null)
1/30 20:01:46.675  Loading add-on Blizzard_GuildControlUI
1/30 20:01:46.675  ** Loading table of contents Interface\AddOns\Blizzard_GuildControlUI\Blizzard_GuildControlUI.toc
1/30 20:01:46.675  (null)
1/30 21:11:37.835  Loading add-on Blizzard_GuildControlUI
1/30 21:11:37.835  ** Loading table of contents Interface\AddOns\Blizzard_GuildControlUI\Blizzard_GuildControlUI.toc
1/30 21:11:37.835  (null)
1/31 00:51:12.906  Loading add-on Blizzard_GuildControlUI
1/31 00:51:12.906  ** Loading table of contents Interface\AddOns\Blizzard_GuildControlUI\Blizzard_GuildControlUI.toc
1/31 00:51:12.906  (null)
1/31 19:46:12.351  Loading add-on Blizzard_GuildControlUI
1/31 19:46:12.351  ** Loading table of contents Interface\AddOns\Blizzard_GuildControlUI\Blizzard_GuildControlUI.toc
1/31 19:46:12.351  (null)
1/31 22:22:03.386  Loading add-on Blizzard_GuildControlUI
1/31 22:22:03.386  ** Loading table of contents Interface\AddOns\Blizzard_GuildControlUI\Blizzard_GuildControlUI.toc
1/31 22:22:03.386  (null)
2/11 19:47:32.710  Loading add-on Blizzard_GuildControlUI
2/11 19:47:32.710  ** Loading table of contents Interface\AddOns\Blizzard_GuildControlUI\Blizzard_GuildControlUI.toc
2/11 19:47:32.710  (null)
2/12 23:17:58.751  Loading add-on Blizzard_GuildControlUI
2/12 23:17:58.751  ** Loading table of contents Interface\AddOns\Blizzard_GuildControlUI\Blizzard_GuildControlUI.toc
2/12 23:17:58.751  (null)
2/13 20:01:10.629  Loading add-on Blizzard_GuildControlUI
2/13 20:01:10.629  ** Loading table of contents Interface\AddOns\Blizzard_GuildControlUI\Blizzard_GuildControlUI.toc
2/13 20:01:10.629  (null)
2/13 23:55:38.895  Loading add-on Blizzard_GuildControlUI
2/13 23:55:38.895  ** Loading table of contents Interface\AddOns\Blizzard_GuildControlUI\Blizzard_GuildControlUI.toc
2/13 23:55:38.895  (null)
2/15 10:27:47.353  Loading add-on Blizzard_GuildControlUI
2/15 10:27:47.353  ** Loading table of contents Interface\AddOns\Blizzard_GuildControlUI\Blizzard_GuildControlUI.toc
2/15 10:27:47.353  (null)
2/18 19:46:17.387  Loading add-on Blizzard_GuildControlUI
2/18 19:46:17.387  ** Loading table of contents Interface\AddOns\Blizzard_GuildControlUI\Blizzard_GuildControlUI.toc
2/18 19:46:17.387  (null)
